2021-03-18 11:29:34	[31mERROR[0m	/Users/urionz/WorkSpace/Code/docker/wwwroot/github.urionz/tgoofy/cmds/repl/repl.go:56	Panic: runtime error: slice bounds out of range [:-1]
goroutine 1 [running]:
runtime/debug.Stack(0xc000997508, 0x1faaf40, 0xc00069ac80)
	/Users/urionz/.g/go/src/runtime/debug/stack.go:24 +0x9d
github.com/urionz/goofy/cmds/repl.handler.func1()
	/Users/urionz/WorkSpace/Code/docker/wwwroot/github.urionz/tgoofy/cmds/repl/repl.go:56 +0x57
panic(0x1faaf40, 0xc00069ac80)
	/Users/urionz/.g/go/src/runtime/panic.go:969 +0x166
github.com/urionz/goofy/cmds/repl/interpreter.(*Interpreter).handleShellCommands(0xc000152630, 0xc0004a67b0, 0x4, 0x1e57000, 0xc000510000, 0x3096e98, 0x0)
	/Users/urionz/WorkSpace/Code/docker/wwwroot/github.urionz/tgoofy/cmds/repl/interpreter/cmd.go:48 +0x6ce
github.com/urionz/goofy/cmds/repl/interpreter.(*Interpreter).addCode(0xc000152630, 0x4, 0xc0004a67b0, 0x4, 0x0, 0xc000997920, 0x1440ca8, 0x1441340)
	/Users/urionz/WorkSpace/Code/docker/wwwroot/github.urionz/tgoofy/cmds/repl/interpreter/session.go:91 +0x909
github.com/urionz/goofy/cmds/repl/interpreter.(*Interpreter).Eval(0xc000152630, 0xc0004a67b0, 0x4, 0x0, 0xc000997990, 0x1cad467, 0x8)
	/Users/urionz/WorkSpace/Code/docker/wwwroot/github.urionz/tgoofy/cmds/repl/interpreter/session.go:129 +0xc1
github.com/urionz/goofy/cmds/repl.handler(0xc0004a67b0, 0x4)
	/Users/urionz/WorkSpace/Code/docker/wwwroot/github.urionz/tgoofy/cmds/repl/repl.go:65 +0xa3
github.com/c-bata/go-prompt.(*Prompt).Run(0xc0006c21b0)
	/Users/urionz/.g/go_path/pkg/mod/github.com/c-bata/go-prompt@v0.2.6/prompt.go:84 +0x845
github.com/urionz/goofy/cmds/repl.Command.func2(0xc00028c780, 0xc000128030, 0x0, 0x0, 0x1, 0x1)
	/Users/urionz/WorkSpace/Code/docker/wwwroot/github.urionz/tgoofy/cmds/repl/repl.go:42 +0x1da
github.com/gookit/gcli/v3.(*Command).doExecute(0xc00028c780, 0xc000128030, 0x0, 0x0, 0x2, 0x2)
	/Users/urionz/.g/go_path/pkg/mod/github.com/gookit/gcli/v3@v3.0.0-20210317033206-b4ab755d7375/cmd.go:538 +0x3ba
github.com/gookit/gcli/v3.(*Command).innerDispatch(0xc00028c780, 0xc000128030, 0x0, 0x0, 0x2, 0x2)
	/Users/urionz/.g/go_path/pkg/mod/github.com/gookit/gcli/v3@v3.0.0-20210317033206-b4ab755d7375/cmd.go:472 +0x4e0
github.com/gookit/gcli/v3.(*App).doRunCmd(0xc0001d1180, 0x7ffeefbff691, 0x4, 0xc000128030, 0x0, 0x0, 0x10161fa)
	/Users/urionz/.g/go_path/pkg/mod/github.com/gookit/gcli/v3@v3.0.0-20210317033206-b4ab755d7375/app.go:446 +0x208
github.com/gookit/gcli/v3.(*App).Run(0xc0001d1180, 0x0, 0x1, 0x1, 0x0)
	/Users/urionz/.g/go_path/pkg/mod/github.com/gookit/gcli/v3@v3.0.0-20210317033206-b4ab755d7375/app.go:429 +0x273
github.com/urionz/goofy.(*Application).Run(0xc0006a6bd0, 0xc00055d5c0, 0x1)
	/Users/urionz/WorkSpace/Code/docker/wwwroot/github.urionz/tgoofy/goofy.go:96 +0xb7
main.main()
	/Users/urionz/WorkSpace/Code/docker/wwwroot/github.urionz/tgoofy/_examples/main.go:18 +0x91

