2021-03-17 11:02:24	[34mINFO[0m	/Users/urionz/WorkSpace/Code/Docker/wwwroot/github.urionz/goofy/cmds/generate_conf.go:125	è¯¥è¿ç§»æ–‡ä»¶å·²å­˜åœ¨ï¼Œæ˜¯å¦è¦†ç›–ï¼Ÿ
2021-03-17 11:02:47	[34mINFO[0m	/Users/urionz/WorkSpace/Code/Docker/wwwroot/github.urionz/goofy/cmds/generate_conf.go:124	è¯¥è¿ç§»æ–‡ä»¶å·²å­˜åœ¨ï¼Œæ˜¯å¦è¦†ç›–ï¼Ÿ
2021-03-17 11:06:18	[34mINFO[0m	/Users/urionz/WorkSpace/Code/Docker/wwwroot/github.urionz/goofy/cmds/generate_conf.go:124	è¯¥è¿ç§»æ–‡ä»¶å·²å­˜åœ¨ï¼Œæ˜¯å¦è¦†ç›–ï¼Ÿ
2021-03-17 11:06:21	[34mINFO[0m	/Users/urionz/WorkSpace/Code/Docker/wwwroot/github.urionz/goofy/cmds/generate_conf.go:138	æ˜¯å¦åˆ‡æ¢å½“å‰è¿è¡Œç¯å¢ƒï¼Ÿ
2021-03-17 11:06:55	[34mINFO[0m	/Users/urionz/WorkSpace/Code/Docker/wwwroot/github.urionz/goofy/cmds/generate_conf.go:124	è¯¥è¿ç§»æ–‡ä»¶å·²å­˜åœ¨ï¼Œæ˜¯å¦è¦†ç›–ï¼Ÿ
2021-03-17 11:06:56	[34mINFO[0m	/Users/urionz/WorkSpace/Code/Docker/wwwroot/github.urionz/goofy/cmds/generate_conf.go:138	æ˜¯å¦åˆ‡æ¢å½“å‰è¿è¡Œç¯å¢ƒï¼Ÿ
2021-03-17 11:07:47	[34mINFO[0m	/Users/urionz/WorkSpace/Code/Docker/wwwroot/github.urionz/goofy/cmds/generate_conf.go:124	è¯¥è¿ç§»æ–‡ä»¶å·²å­˜åœ¨ï¼Œæ˜¯å¦è¦†ç›–ï¼Ÿ
2021-03-17 11:07:54	[34mINFO[0m	/Users/urionz/WorkSpace/Code/Docker/wwwroot/github.urionz/goofy/cmds/generate_conf.go:124	è¯¥è¿ç§»æ–‡ä»¶å·²å­˜åœ¨ï¼Œæ˜¯å¦è¦†ç›–ï¼Ÿ
2021-03-17 11:07:55	[34mINFO[0m	/Users/urionz/WorkSpace/Code/Docker/wwwroot/github.urionz/goofy/cmds/generate_conf.go:139	æ˜¯å¦åˆ‡æ¢å½“å‰è¿è¡Œç¯å¢ƒï¼Ÿ
2021-03-17 11:08:15	[34mINFO[0m	/Users/urionz/WorkSpace/Code/Docker/wwwroot/github.urionz/goofy/cmds/generate_conf.go:124	è¯¥è¿ç§»æ–‡ä»¶å·²å­˜åœ¨ï¼Œæ˜¯å¦è¦†ç›–ï¼Ÿ
2021-03-17 11:08:16	[34mINFO[0m	/Users/urionz/WorkSpace/Code/Docker/wwwroot/github.urionz/goofy/cmds/generate_conf.go:139	æ˜¯å¦åˆ‡æ¢å½“å‰è¿è¡Œç¯å¢ƒï¼Ÿ
2021-03-17 11:08:32	[34mINFO[0m	/Users/urionz/WorkSpace/Code/Docker/wwwroot/github.urionz/goofy/cmds/generate_conf.go:124	è¯¥è¿ç§»æ–‡ä»¶å·²å­˜åœ¨ï¼Œæ˜¯å¦è¦†ç›–ï¼Ÿ
2021-03-17 11:08:34	[34mINFO[0m	/Users/urionz/WorkSpace/Code/Docker/wwwroot/github.urionz/goofy/cmds/generate_conf.go:139	æ˜¯å¦åˆ‡æ¢å½“å‰è¿è¡Œç¯å¢ƒï¼Ÿ
2021-03-17 11:08:46	[34mINFO[0m	/Users/urionz/WorkSpace/Code/Docker/wwwroot/github.urionz/goofy/cmds/generate_conf.go:124	è¯¥è¿ç§»æ–‡ä»¶å·²å­˜åœ¨ï¼Œæ˜¯å¦è¦†ç›–ï¼Ÿ
2021-03-17 11:08:47	[34mINFO[0m	/Users/urionz/WorkSpace/Code/Docker/wwwroot/github.urionz/goofy/cmds/generate_conf.go:139	æ˜¯å¦åˆ‡æ¢å½“å‰è¿è¡Œç¯å¢ƒï¼Ÿ
2021-03-17 11:09:06	[34mINFO[0m	/Users/urionz/WorkSpace/Code/Docker/wwwroot/github.urionz/goofy/cmds/generate_conf.go:139	æ˜¯å¦åˆ‡æ¢å½“å‰è¿è¡Œç¯å¢ƒï¼Ÿ
2021-03-17 11:15:54	[34mINFO[0m	/Users/urionz/WorkSpace/Code/Docker/wwwroot/github.urionz/goofy/db/migrate/migrate_command.go:601	Rolling back:fqqdqd
2021-03-17 11:15:55	[34mINFO[0m	/Users/urionz/WorkSpace/Code/Docker/wwwroot/github.urionz/goofy/db/migrate/migrate_command.go:611	Rolled back:fqqdqd
2021-03-17 11:25:27	[34mINFO[0m	/Users/urionz/WorkSpace/Code/Docker/wwwroot/github.urionz/goofy/db/migrate/migrate_command.go:123	å½“å‰è®¾ç½®æ•°æ®åº“è¿æ¥ä¸ºç©ºï¼Œå°†ä½¿ç”¨é»˜è®¤è¿æ¥ï¼Œæ˜¯å¦åˆ‡æ¢è¿æ¥ï¼Ÿ
2021-03-17 11:25:48	[34mINFO[0m	/Users/urionz/WorkSpace/Code/Docker/wwwroot/github.urionz/goofy/db/migrate/migrate_command.go:123	å½“å‰è®¾ç½®æ•°æ®åº“è¿æ¥ä¸ºç©ºï¼Œå°†ä½¿ç”¨é»˜è®¤è¿æ¥ï¼Œæ˜¯å¦åˆ‡æ¢è¿æ¥ï¼Ÿ
2021-03-17 11:26:05	[34mINFO[0m	/Users/urionz/WorkSpace/Code/Docker/wwwroot/github.urionz/goofy/db/migrate/migrate_command.go:123	å½“å‰è®¾ç½®æ•°æ®åº“è¿æ¥ä¸ºç©ºï¼Œå°†ä½¿ç”¨é»˜è®¤è¿æ¥ï¼Œæ˜¯å¦åˆ‡æ¢è¿æ¥ï¼Ÿ
2021-03-17 12:06:45	[34mINFO[0m	/Users/urionz/WorkSpace/Code/Docker/wwwroot/github.urionz/goofy/cmds/generate_conf.go:148	æ˜¯å¦åˆ‡æ¢å½“å‰è¿è¡Œç¯å¢ƒï¼Ÿ
2021-03-17 13:46:03	[34mINFO[0m	/Users/urionz/WorkSpace/Code/Docker/wwwroot/github.urionz/tgoofy/db/migrate/migrate_command.go:395	æ‰§è¡Œå®Œæ¯•
2021-03-17 14:18:39	[34mINFO[0m	/Users/urionz/WorkSpace/Code/Docker/wwwroot/github.urionz/tgoofy/db/migrate/migrate_command.go:399	æ‰§è¡Œå®Œæ¯•
