2021-03-12 11:12:22	[34mINFO[0m	/Users/urionz/WorkSpace/Code/docker/wwwroot/github.urionz/goofy/web/debug.go:41	Event fired: "_examples": CREATE
2021-03-12 11:12:22	[34mINFO[0m	/Users/urionz/WorkSpace/Code/docker/wwwroot/github.urionz/goofy/web/debug.go:133	Restarting ''...
2021-03-12 11:12:23	[34mINFO[0m	/Users/urionz/WorkSpace/Code/docker/wwwroot/github.urionz/goofy/web/debug.go:41	Event fired: "_examples": CHMOD
2021-03-12 11:12:23	[34mINFO[0m	/Users/urionz/WorkSpace/Code/docker/wwwroot/github.urionz/goofy/web/debug.go:133	Restarting ''...
2021-03-12 11:12:25	[34mINFO[0m	/Users/urionz/WorkSpace/Code/docker/wwwroot/github.urionz/goofy/web/debug.go:41	Event fired: "_examples": CHMOD
2021-03-12 11:12:25	[34mINFO[0m	/Users/urionz/WorkSpace/Code/docker/wwwroot/github.urionz/goofy/web/debug.go:133	Restarting ''...
2021-03-12 11:12:26	[34mINFO[0m	/Users/urionz/WorkSpace/Code/docker/wwwroot/github.urionz/goofy/web/debug.go:41	Event fired: "_examples": CHMOD
2021-03-12 11:12:26	[34mINFO[0m	/Users/urionz/WorkSpace/Code/docker/wwwroot/github.urionz/goofy/web/debug.go:133	Restarting ''...
2021-03-12 11:12:28	[34mINFO[0m	/Users/urionz/WorkSpace/Code/docker/wwwroot/github.urionz/goofy/web/debug.go:41	Event fired: "_examples": CHMOD
2021-03-12 11:12:28	[34mINFO[0m	/Users/urionz/WorkSpace/Code/docker/wwwroot/github.urionz/goofy/web/debug.go:133	Restarting ''...
2021-03-12 11:12:29	[34mINFO[0m	/Users/urionz/WorkSpace/Code/docker/wwwroot/github.urionz/goofy/web/debug.go:41	Event fired: "_examples": CHMOD
2021-03-12 11:12:29	[34mINFO[0m	/Users/urionz/WorkSpace/Code/docker/wwwroot/github.urionz/goofy/web/debug.go:133	Restarting ''...
2021-03-12 11:12:30	[34mINFO[0m	/Users/urionz/WorkSpace/Code/docker/wwwroot/github.urionz/goofy/web/debug.go:41	Event fired: "_examples": CHMOD
2021-03-12 11:12:30	[34mINFO[0m	/Users/urionz/WorkSpace/Code/docker/wwwroot/github.urionz/goofy/web/debug.go:133	Restarting ''...
2021-03-12 11:15:48	[34mINFO[0m	/Users/urionz/WorkSpace/Code/docker/wwwroot/github.urionz/goofy/web/debug.go:41	Event fired: "/Users/urionz/WorkSpace/Code/docker/wwwroot/github.urionz/goofy/_examples/_examples": REMOVE
2021-03-12 11:15:48	[34mINFO[0m	/Users/urionz/WorkSpace/Code/docker/wwwroot/github.urionz/goofy/web/debug.go:133	Restarting ''...
2021-03-12 11:15:49	[34mINFO[0m	/Users/urionz/WorkSpace/Code/docker/wwwroot/github.urionz/goofy/web/debug.go:41	Event fired: "/Users/urionz/WorkSpace/Code/docker/wwwroot/github.urionz/goofy/_examples/_examples": CHMOD
2021-03-12 11:15:49	[34mINFO[0m	/Users/urionz/WorkSpace/Code/docker/wwwroot/github.urionz/goofy/web/debug.go:133	Restarting ''...
2021-03-12 11:15:50	[34mINFO[0m	/Users/urionz/WorkSpace/Code/docker/wwwroot/github.urionz/goofy/web/debug.go:41	Event fired: "/Users/urionz/WorkSpace/Code/docker/wwwroot/github.urionz/goofy/_examples/_examples": CHMOD
2021-03-12 11:15:50	[34mINFO[0m	/Users/urionz/WorkSpace/Code/docker/wwwroot/github.urionz/goofy/web/debug.go:133	Restarting ''...
2021-03-12 11:15:52	[34mINFO[0m	/Users/urionz/WorkSpace/Code/docker/wwwroot/github.urionz/goofy/web/debug.go:41	Event fired: "/Users/urionz/WorkSpace/Code/docker/wwwroot/github.urionz/goofy/_examples/_examples": CHMOD
2021-03-12 11:15:52	[34mINFO[0m	/Users/urionz/WorkSpace/Code/docker/wwwroot/github.urionz/goofy/web/debug.go:133	Restarting ''...
2021-03-12 11:16:35	[34mINFO[0m	/Users/urionz/WorkSpace/Code/docker/wwwroot/github.urionz/goofy/web/debug.go:42	Event fired: "/Users/urionz/WorkSpace/Code/docker/wwwroot/github.urionz/goofy/_examples/_examples": REMOVE
2021-03-12 11:16:35	[34mINFO[0m	/Users/urionz/WorkSpace/Code/docker/wwwroot/github.urionz/goofy/web/debug.go:134	Restarting ''...
2021-03-12 11:16:36	[34mINFO[0m	/Users/urionz/WorkSpace/Code/docker/wwwroot/github.urionz/goofy/web/debug.go:42	Event fired: "/Users/urionz/WorkSpace/Code/docker/wwwroot/github.urionz/goofy/_examples/_examples": CHMOD
2021-03-12 11:16:36	[34mINFO[0m	/Users/urionz/WorkSpace/Code/docker/wwwroot/github.urionz/goofy/web/debug.go:134	Restarting ''...
2021-03-12 11:16:38	[34mINFO[0m	/Users/urionz/WorkSpace/Code/docker/wwwroot/github.urionz/goofy/web/debug.go:42	Event fired: "/Users/urionz/WorkSpace/Code/docker/wwwroot/github.urionz/goofy/_examples/_examples": CHMOD
2021-03-12 11:16:38	[34mINFO[0m	/Users/urionz/WorkSpace/Code/docker/wwwroot/github.urionz/goofy/web/debug.go:134	Restarting ''...
2021-03-12 11:16:39	[34mINFO[0m	/Users/urionz/WorkSpace/Code/docker/wwwroot/github.urionz/goofy/web/debug.go:42	Event fired: "/Users/urionz/WorkSpace/Code/docker/wwwroot/github.urionz/goofy/_examples/_examples": CHMOD
2021-03-12 11:16:39	[34mINFO[0m	/Users/urionz/WorkSpace/Code/docker/wwwroot/github.urionz/goofy/web/debug.go:134	Restarting ''...
2021-03-12 11:22:19	[34mINFO[0m	/Users/urionz/WorkSpace/Code/docker/wwwroot/github.urionz/goofy/web/debug.go:40	Event fired: "/Users/urionz/WorkSpace/Code/docker/wwwroot/github.urionz/goofy/_examples/main.go~": CREATE
2021-03-12 11:22:19	[34mINFO[0m	/Users/urionz/WorkSpace/Code/docker/wwwroot/github.urionz/goofy/web/debug.go:40	Event fired: "/Users/urionz/WorkSpace/Code/docker/wwwroot/github.urionz/goofy/_examples/main.go": CHMOD
2021-03-12 11:22:23	[34mINFO[0m	/Users/urionz/WorkSpace/Code/docker/wwwroot/github.urionz/goofy/web/debug.go:40	Event fired: "/Users/urionz/WorkSpace/Code/docker/wwwroot/github.urionz/goofy/_examples/_examples": CREATE
2021-03-12 11:22:23	[34mINFO[0m	/Users/urionz/WorkSpace/Code/docker/wwwroot/github.urionz/goofy/web/debug.go:132	Restarting ''...
2021-03-12 11:22:23	[34mINFO[0m	/Users/urionz/WorkSpace/Code/docker/wwwroot/github.urionz/goofy/web/debug.go:132	Restarting ''...
2021-03-12 11:22:24	[34mINFO[0m	/Users/urionz/WorkSpace/Code/docker/wwwroot/github.urionz/goofy/web/debug.go:40	Event fired: "/Users/urionz/WorkSpace/Code/docker/wwwroot/github.urionz/goofy/_examples/_examples": CHMOD
2021-03-12 11:22:24	[34mINFO[0m	/Users/urionz/WorkSpace/Code/docker/wwwroot/github.urionz/goofy/web/debug.go:132	Restarting ''...
2021-03-12 11:22:26	[34mINFO[0m	/Users/urionz/WorkSpace/Code/docker/wwwroot/github.urionz/goofy/web/debug.go:40	Event fired: "/Users/urionz/WorkSpace/Code/docker/wwwroot/github.urionz/goofy/_examples/_examples": CHMOD
2021-03-12 11:22:26	[34mINFO[0m	/Users/urionz/WorkSpace/Code/docker/wwwroot/github.urionz/goofy/web/debug.go:132	Restarting ''...
2021-03-12 11:22:27	[34mINFO[0m	/Users/urionz/WorkSpace/Code/docker/wwwroot/github.urionz/goofy/web/debug.go:40	Event fired: "/Users/urionz/WorkSpace/Code/docker/wwwroot/github.urionz/goofy/_examples/_examples": CHMOD
2021-03-12 11:22:27	[34mINFO[0m	/Users/urionz/WorkSpace/Code/docker/wwwroot/github.urionz/goofy/web/debug.go:132	Restarting ''...
2021-03-12 11:22:28	[34mINFO[0m	/Users/urionz/WorkSpace/Code/docker/wwwroot/github.urionz/goofy/web/debug.go:40	Event fired: "/Users/urionz/WorkSpace/Code/docker/wwwroot/github.urionz/goofy/_examples/_examples": CHMOD
2021-03-12 11:22:28	[34mINFO[0m	/Users/urionz/WorkSpace/Code/docker/wwwroot/github.urionz/goofy/web/debug.go:132	Restarting ''...
2021-03-12 11:22:30	[34mINFO[0m	/Users/urionz/WorkSpace/Code/docker/wwwroot/github.urionz/goofy/web/debug.go:40	Event fired: "/Users/urionz/WorkSpace/Code/docker/wwwroot/github.urionz/goofy/_examples/_examples": CHMOD
2021-03-12 11:22:30	[34mINFO[0m	/Users/urionz/WorkSpace/Code/docker/wwwroot/github.urionz/goofy/web/debug.go:132	Restarting ''...
2021-03-12 11:22:31	[34mINFO[0m	/Users/urionz/WorkSpace/Code/docker/wwwroot/github.urionz/goofy/web/debug.go:40	Event fired: "/Users/urionz/WorkSpace/Code/docker/wwwroot/github.urionz/goofy/_examples/_examples": CHMOD
2021-03-12 11:22:31	[34mINFO[0m	/Users/urionz/WorkSpace/Code/docker/wwwroot/github.urionz/goofy/web/debug.go:132	Restarting ''...
2021-03-12 11:29:36	[34mINFO[0m	/Users/urionz/WorkSpace/Code/docker/wwwroot/github.urionz/goofy/web/debug.go:40	Event fired: "/Users/urionz/WorkSpace/Code/docker/wwwroot/github.urionz/goofy/_examples/main.go~": CREATE
2021-03-12 11:29:36	[34mINFO[0m	/Users/urionz/WorkSpace/Code/docker/wwwroot/github.urionz/goofy/web/debug.go:40	Event fired: "/Users/urionz/WorkSpace/Code/docker/wwwroot/github.urionz/goofy/_examples/main.go": CHMOD
2021-03-12 11:29:40	[34mINFO[0m	/Users/urionz/WorkSpace/Code/docker/wwwroot/github.urionz/goofy/web/debug.go:40	Event fired: "/Users/urionz/WorkSpace/Code/docker/wwwroot/github.urionz/goofy/_examples/goofy": CREATE
2021-03-12 11:29:40	[34mINFO[0m	/Users/urionz/WorkSpace/Code/docker/wwwroot/github.urionz/goofy/web/debug.go:132	Restarting 'goofy'...
2021-03-12 11:29:40	[34mINFO[0m	/Users/urionz/WorkSpace/Code/docker/wwwroot/github.urionz/goofy/web/debug.go:132	Restarting 'goofy'...
2021-03-12 11:29:41	[34mINFO[0m	/Users/urionz/WorkSpace/Code/docker/wwwroot/github.urionz/goofy/web/debug.go:40	Event fired: "/Users/urionz/WorkSpace/Code/docker/wwwroot/github.urionz/goofy/_examples/goofy": CHMOD
2021-03-12 11:29:41	[34mINFO[0m	/Users/urionz/WorkSpace/Code/docker/wwwroot/github.urionz/goofy/web/debug.go:132	Restarting 'goofy'...
2021-03-12 11:29:42	[34mINFO[0m	/Users/urionz/WorkSpace/Code/docker/wwwroot/github.urionz/goofy/web/debug.go:40	Event fired: "/Users/urionz/WorkSpace/Code/docker/wwwroot/github.urionz/goofy/_examples/goofy": CHMOD
2021-03-12 11:29:42	[34mINFO[0m	/Users/urionz/WorkSpace/Code/docker/wwwroot/github.urionz/goofy/web/debug.go:132	Restarting 'goofy'...
2021-03-12 11:31:13	[34mINFO[0m	/Users/urionz/WorkSpace/Code/docker/wwwroot/github.urionz/goofy/web/debug.go:40	Event fired: "/Users/urionz/WorkSpace/Code/docker/wwwroot/github.urionz/goofy/_examples/main.go~": CREATE
2021-03-12 11:31:13	[34mINFO[0m	/Users/urionz/WorkSpace/Code/docker/wwwroot/github.urionz/goofy/web/debug.go:40	Event fired: "/Users/urionz/WorkSpace/Code/docker/wwwroot/github.urionz/goofy/_examples/main.go": WRITE|CHMOD
2021-03-12 11:31:16	[34mINFO[0m	/Users/urionz/WorkSpace/Code/docker/wwwroot/github.urionz/goofy/web/debug.go:40	Event fired: "/Users/urionz/WorkSpace/Code/docker/wwwroot/github.urionz/goofy/_examples/goofy": CREATE
2021-03-12 11:31:16	[34mINFO[0m	/Users/urionz/WorkSpace/Code/docker/wwwroot/github.urionz/goofy/web/debug.go:132	Restarting 'goofy'...
2021-03-12 11:31:17	[34mINFO[0m	/Users/urionz/WorkSpace/Code/docker/wwwroot/github.urionz/goofy/web/debug.go:40	Event fired: "/Users/urionz/WorkSpace/Code/docker/wwwroot/github.urionz/goofy/_examples/goofy": CHMOD
2021-03-12 11:31:17	[34mINFO[0m	/Users/urionz/WorkSpace/Code/docker/wwwroot/github.urionz/goofy/web/debug.go:132	Restarting 'goofy'...
2021-03-12 11:31:18	[34mINFO[0m	/Users/urionz/WorkSpace/Code/docker/wwwroot/github.urionz/goofy/web/debug.go:40	Event fired: "/Users/urionz/WorkSpace/Code/docker/wwwroot/github.urionz/goofy/_examples/goofy": CHMOD
2021-03-12 11:31:18	[34mINFO[0m	/Users/urionz/WorkSpace/Code/docker/wwwroot/github.urionz/goofy/web/debug.go:132	Restarting 'goofy'...
2021-03-12 11:31:19	[34mINFO[0m	/Users/urionz/WorkSpace/Code/docker/wwwroot/github.urionz/goofy/web/debug.go:40	Event fired: "/Users/urionz/WorkSpace/Code/docker/wwwroot/github.urionz/goofy/_examples/goofy": CHMOD
2021-03-12 11:31:19	[34mINFO[0m	/Users/urionz/WorkSpace/Code/docker/wwwroot/github.urionz/goofy/web/debug.go:132	Restarting 'goofy'...
2021-03-12 11:31:19	[34mINFO[0m	/Users/urionz/WorkSpace/Code/docker/wwwroot/github.urionz/goofy/web/debug.go:132	Restarting 'goofy'...
2021-03-12 11:31:20	[34mINFO[0m	/Users/urionz/WorkSpace/Code/docker/wwwroot/github.urionz/goofy/web/debug.go:40	Event fired: "/Users/urionz/WorkSpace/Code/docker/wwwroot/github.urionz/goofy/_examples/goofy": CHMOD
2021-03-12 11:31:20	[34mINFO[0m	/Users/urionz/WorkSpace/Code/docker/wwwroot/github.urionz/goofy/web/debug.go:132	Restarting 'goofy'...
2021-03-12 11:31:21	[34mINFO[0m	/Users/urionz/WorkSpace/Code/docker/wwwroot/github.urionz/goofy/web/debug.go:40	Event fired: "/Users/urionz/WorkSpace/Code/docker/wwwroot/github.urionz/goofy/_examples/goofy": CHMOD
2021-03-12 11:31:21	[34mINFO[0m	/Users/urionz/WorkSpace/Code/docker/wwwroot/github.urionz/goofy/web/debug.go:132	Restarting 'goofy'...
2021-03-12 11:31:23	[34mINFO[0m	/Users/urionz/WorkSpace/Code/docker/wwwroot/github.urionz/goofy/web/debug.go:40	Event fired: "/Users/urionz/WorkSpace/Code/docker/wwwroot/github.urionz/goofy/_examples/goofy": CHMOD
2021-03-12 11:31:23	[34mINFO[0m	/Users/urionz/WorkSpace/Code/docker/wwwroot/github.urionz/goofy/web/debug.go:132	Restarting 'goofy'...
2021-03-12 11:31:24	[34mINFO[0m	/Users/urionz/WorkSpace/Code/docker/wwwroot/github.urionz/goofy/web/debug.go:40	Event fired: "/Users/urionz/WorkSpace/Code/docker/wwwroot/github.urionz/goofy/_examples/goofy": CHMOD
2021-03-12 11:31:24	[34mINFO[0m	/Users/urionz/WorkSpace/Code/docker/wwwroot/github.urionz/goofy/web/debug.go:132	Restarting 'goofy'...
2021-03-12 11:31:26	[34mINFO[0m	/Users/urionz/WorkSpace/Code/docker/wwwroot/github.urionz/goofy/web/debug.go:40	Event fired: "/Users/urionz/WorkSpace/Code/docker/wwwroot/github.urionz/goofy/_examples/goofy": CHMOD
2021-03-12 11:31:26	[34mINFO[0m	/Users/urionz/WorkSpace/Code/docker/wwwroot/github.urionz/goofy/web/debug.go:132	Restarting 'goofy'...
2021-03-12 11:31:27	[34mINFO[0m	/Users/urionz/WorkSpace/Code/docker/wwwroot/github.urionz/goofy/web/debug.go:40	Event fired: "/Users/urionz/WorkSpace/Code/docker/wwwroot/github.urionz/goofy/_examples/goofy": CHMOD
2021-03-12 11:31:27	[34mINFO[0m	/Users/urionz/WorkSpace/Code/docker/wwwroot/github.urionz/goofy/web/debug.go:132	Restarting 'goofy'...
2021-03-12 11:44:41	[34mINFO[0m	/Users/urionz/WorkSpace/Code/docker/wwwroot/github.urionz/goofy/cmds/dlv/dlv.go:87	Starting Delve Debugger...
