2021-03-12 11:22:04	[31mERROR[0m	/Users/urionz/WorkSpace/Code/docker/wwwroot/github.urionz/goofy/web/debug.go:83	Failed to build the application: # github.com/urionz/goofy/_examples/database/migrations
runtime.main_main·f: function main is undeclared in the main package

2021-03-12 11:22:19	[31mERROR[0m	/Users/urionz/WorkSpace/Code/docker/wwwroot/github.urionz/goofy/utils/utils.go:20	Failed to open file on '/Users/urionz/WorkSpace/Code/docker/wwwroot/github.urionz/goofy/_examples/main.go~': open /Users/urionz/WorkSpace/Code/docker/wwwroot/github.urionz/goofy/_examples/main.go~: no such file or directory
2021-03-12 11:25:25	[31mERROR[0m	/Users/urionz/WorkSpace/Code/docker/wwwroot/github.urionz/goofy/web/debug.go:83	Failed to build the application: go build: cannot write multiple packages to non-directory debug

2021-03-12 11:26:18	[31mERROR[0m	/Users/urionz/WorkSpace/Code/docker/wwwroot/github.urionz/goofy/web/debug.go:83	Failed to build the application: go build: cannot write multiple packages to non-directory main

2021-03-12 11:26:58	[31mERROR[0m	/Users/urionz/WorkSpace/Code/docker/wwwroot/github.urionz/goofy/web/debug.go:83	Failed to build the application: go build: cannot write multiple packages to non-directory main

2021-03-12 11:29:29	[31mERROR[0m	/Users/urionz/WorkSpace/Code/docker/wwwroot/github.urionz/goofy/web/debug.go:83	Failed to build the application: go build: cannot write multiple packages to non-directory goofy

2021-03-12 11:29:36	[31mERROR[0m	/Users/urionz/WorkSpace/Code/docker/wwwroot/github.urionz/goofy/utils/utils.go:20	Failed to open file on '/Users/urionz/WorkSpace/Code/docker/wwwroot/github.urionz/goofy/_examples/main.go~': open /Users/urionz/WorkSpace/Code/docker/wwwroot/github.urionz/goofy/_examples/main.go~: no such file or directory
2021-03-12 11:31:06	[31mERROR[0m	/Users/urionz/WorkSpace/Code/docker/wwwroot/github.urionz/goofy/web/debug.go:83	Failed to build the application: go build: cannot write multiple packages to non-directory goofy

2021-03-12 11:31:13	[31mERROR[0m	/Users/urionz/WorkSpace/Code/docker/wwwroot/github.urionz/goofy/utils/utils.go:20	Failed to open file on '/Users/urionz/WorkSpace/Code/docker/wwwroot/github.urionz/goofy/_examples/main.go~': open /Users/urionz/WorkSpace/Code/docker/wwwroot/github.urionz/goofy/_examples/main.go~: no such file or directory
2021-03-12 11:31:17	[31mERROR[0m	/Users/urionz/WorkSpace/Code/docker/wwwroot/github.urionz/goofy/web/debug.go:83	Failed to build the application: go build: cannot write multiple packages to non-directory goofy

2021-03-12 11:31:17	[31mERROR[0m	/Users/urionz/WorkSpace/Code/docker/wwwroot/github.urionz/goofy/web/debug.go:83	Failed to build the application: go build: cannot write multiple packages to non-directory goofy

2021-03-12 11:31:18	[31mERROR[0m	/Users/urionz/WorkSpace/Code/docker/wwwroot/github.urionz/goofy/web/debug.go:83	Failed to build the application: go build: cannot write multiple packages to non-directory goofy

2021-03-12 11:31:19	[31mERROR[0m	/Users/urionz/WorkSpace/Code/docker/wwwroot/github.urionz/goofy/web/debug.go:83	Failed to build the application: go build: cannot write multiple packages to non-directory goofy

2021-03-12 11:31:20	[31mERROR[0m	/Users/urionz/WorkSpace/Code/docker/wwwroot/github.urionz/goofy/web/debug.go:83	Failed to build the application: go build: cannot write multiple packages to non-directory goofy

2021-03-12 11:31:20	[31mERROR[0m	/Users/urionz/WorkSpace/Code/docker/wwwroot/github.urionz/goofy/web/debug.go:83	Failed to build the application: go build: cannot write multiple packages to non-directory goofy

2021-03-12 11:31:22	[31mERROR[0m	/Users/urionz/WorkSpace/Code/docker/wwwroot/github.urionz/goofy/web/debug.go:83	Failed to build the application: go build: cannot write multiple packages to non-directory goofy

2021-03-12 11:31:23	[31mERROR[0m	/Users/urionz/WorkSpace/Code/docker/wwwroot/github.urionz/goofy/web/debug.go:83	Failed to build the application: go build: cannot write multiple packages to non-directory goofy

2021-03-12 11:31:25	[31mERROR[0m	/Users/urionz/WorkSpace/Code/docker/wwwroot/github.urionz/goofy/web/debug.go:83	Failed to build the application: go build: cannot write multiple packages to non-directory goofy

2021-03-12 11:31:26	[31mERROR[0m	/Users/urionz/WorkSpace/Code/docker/wwwroot/github.urionz/goofy/web/debug.go:83	Failed to build the application: go build: cannot write multiple packages to non-directory goofy

2021-03-12 11:31:27	[31mERROR[0m	/Users/urionz/WorkSpace/Code/docker/wwwroot/github.urionz/goofy/web/debug.go:83	Failed to build the application: go build: cannot write multiple packages to non-directory goofy

2021-03-12 11:41:52	[31mERROR[0m	/Users/urionz/WorkSpace/Code/docker/wwwroot/github.urionz/goofy/web/debug.go:83	Failed to build the application: go build: cannot write multiple packages to non-directory goofy

